<?xml version="1.0" encoding="UTF-8"?>
<!-- Generated by org.testng.reporters.JUnitReportReporter -->
<testsuite skipped="0" hostname="DESKTOP-01THEB1" name="com.google.automation.GoogleSearchScripts" tests="1" failures="0" timestamp="24 Mar 2021 09:01:59 GMT" time="45.105" errors="0">
  <testcase name="googleSearch" time="45.105" classname="com.google.automation.GoogleSearchScripts"/>
</testsuite> <!-- com.google.automation.GoogleSearchScripts -->
